C:\5entbot\bncsutil\vc8_build\Release MySQL\BNCSutil.lib
C:\5entbot\bncsutil\vc8_build\Release MySQL\BNCSutil.exp
C:\5ENTBOT\BNCSUTIL\VC8_BUILD\RELEASE MYSQL\OLDAUTH.OBJ
C:\5ENTBOT\BNCSUTIL\VC8_BUILD\RELEASE MYSQL\LIBINFO.OBJ
C:\5ENTBOT\BNCSUTIL\VC8_BUILD\RELEASE MYSQL\FILE.OBJ
C:\5ENTBOT\BNCSUTIL\VC8_BUILD\RELEASE MYSQL\DECODEKEY.OBJ
C:\5ENTBOT\BNCSUTIL\VC8_BUILD\RELEASE MYSQL\CDKEYDECODER.OBJ
C:\5ENTBOT\BNCSUTIL\VC8_BUILD\RELEASE MYSQL\BSHA1.OBJ
C:\5ENTBOT\BNCSUTIL\VC8_BUILD\RELEASE MYSQL\VC110.PDB
C:\5ENTBOT\BNCSUTIL\VC8_BUILD\RELEASE MYSQL\CHECKREVISION.OBJ
C:\5ENTBOT\BNCSUTIL\VC8_BUILD\RELEASE MYSQL\NLS.OBJ
C:\5ENTBOT\BNCSUTIL\VC8_BUILD\RELEASE MYSQL\STACK.OBJ
C:\5ENTBOT\BNCSUTIL\VC8_BUILD\RELEASE MYSQL\SHA1.OBJ
C:\5ENTBOT\BNCSUTIL\VC8_BUILD\RELEASE MYSQL\BNCSUTIL.DLL
C:\5entbot\bncsutil\vc8_build\Release MySQL\bsha1.obj
C:\5entbot\bncsutil\vc8_build\Release MySQL\cdkeydecoder.obj
C:\5entbot\bncsutil\vc8_build\Release MySQL\checkrevision.obj
C:\5entbot\bncsutil\vc8_build\Release MySQL\decodekey.obj
C:\5entbot\bncsutil\vc8_build\Release MySQL\file.obj
C:\5entbot\bncsutil\vc8_build\Release MySQL\libinfo.obj
C:\5entbot\bncsutil\vc8_build\Release MySQL\nls.obj
C:\5entbot\bncsutil\vc8_build\Release MySQL\oldauth.obj
C:\5entbot\bncsutil\vc8_build\Release MySQL\sha1.obj
C:\5entbot\bncsutil\vc8_build\Release MySQL\stack.obj
C:\5entbot\bncsutil\vc8_build\Release MySQL\BNCSutil.write.1.tlog
C:\5entbot\bncsutil\vc8_build\Release MySQL\cl.command.1.tlog
C:\5entbot\bncsutil\vc8_build\Release MySQL\CL.read.1.tlog
C:\5entbot\bncsutil\vc8_build\Release MySQL\CL.write.1.tlog
C:\5entbot\bncsutil\vc8_build\Release MySQL\link-cvtres.read.1.tlog
C:\5entbot\bncsutil\vc8_build\Release MySQL\link-cvtres.write.1.tlog
C:\5entbot\bncsutil\vc8_build\Release MySQL\link-rc.read.1.tlog
C:\5entbot\bncsutil\vc8_build\Release MySQL\link-rc.write.1.tlog
C:\5entbot\bncsutil\vc8_build\Release MySQL\link.command.1.tlog
C:\5entbot\bncsutil\vc8_build\Release MySQL\link.read.1.tlog
C:\5entbot\bncsutil\vc8_build\Release MySQL\link.write.1.tlog
C:\5entbot\bncsutil\vc8_build\Release MySQL\vc110.pdb
C:\5entbot\bncsutil\vc8_build\Release MySQL\BNCSutil.dll
