Build started 22/02/2015 20:16:54 .
     1>Project "C:\5entbot\bncsutil\vc8_build\BNCSutil.vcxproj" on node 2 (Rebuild target(s)).
     1>ClCompile:
         C:\Program Files (x86)\Microsoft Visual Studio 11.0\VC\bin\CL.exe /c /I"D:\gmp-4.2.1\build.vc8" /I..\src /Zi /nologo /W3 /WX- /O2 /Ot /Oy- /D WIN32 /D NDEBUG /D _WINDOWS /D _USRDLL /D BNCSUTIL_EXPORTS /D MOS_WINDOWS /D _VC80_UPGRADE=0x0710 /D _WINDLL /D _MBCS /Gm- /EHsc /MT /GS- /fp:precise /Zc:wchar_t /Zc:forScope /Fo"Release MySQL\\" /Fd"Release MySQL\vc110.pdb" /Gd /TP /analyze- /errorReport:prompt ..\src\bncsutil\bsha1.cpp ..\src\bncsutil\cdkeydecoder.cpp ..\src\bncsutil\decodekey.cpp ..\src\bncsutil\file.cpp ..\src\bncsutil\libinfo.cpp ..\src\bncsutil\oldauth.cpp
         bsha1.cpp
         cdkeydecoder.cpp
     1>..\src\bncsutil\cdkeydecoder.cpp(144): warning C4996: 'strcpy': This function or variable may be unsafe. Consider using strcpy_s instead. To disable deprecation, use _CRT_SECURE_NO_WARNINGS. See online help for details.
                 C:\Program Files (x86)\Microsoft Visual Studio 11.0\VC\include\string.h(110) : see declaration of 'strcpy'
     1>..\src\bncsutil\cdkeydecoder.cpp(324): warning C4996: 'strcpy': This function or variable may be unsafe. Consider using strcpy_s instead. To disable deprecation, use _CRT_SECURE_NO_WARNINGS. See online help for details.
                 C:\Program Files (x86)\Microsoft Visual Studio 11.0\VC\include\string.h(110) : see declaration of 'strcpy'
     1>..\src\bncsutil\cdkeydecoder.cpp(359): warning C4996: 'sscanf': This function or variable may be unsafe. Consider using sscanf_s instead. To disable deprecation, use _CRT_SECURE_NO_WARNINGS. See online help for details.
                 C:\Program Files (x86)\Microsoft Visual Studio 11.0\VC\include\stdio.h(311) : see declaration of 'sscanf'
     1>..\src\bncsutil\cdkeydecoder.cpp(370): warning C4996: 'strcpy': This function or variable may be unsafe. Consider using strcpy_s instead. To disable deprecation, use _CRT_SECURE_NO_WARNINGS. See online help for details.
                 C:\Program Files (x86)\Microsoft Visual Studio 11.0\VC\include\string.h(110) : see declaration of 'strcpy'
     1>..\src\bncsutil\cdkeydecoder.cpp(435): warning C4996: 'sscanf': This function or variable may be unsafe. Consider using sscanf_s instead. To disable deprecation, use _CRT_SECURE_NO_WARNINGS. See online help for details.
                 C:\Program Files (x86)\Microsoft Visual Studio 11.0\VC\include\stdio.h(311) : see declaration of 'sscanf'
         decodekey.cpp
         file.cpp
         libinfo.cpp
     1>..\src\bncsutil\libinfo.cpp(52): warning C4996: 'sprintf': This function or variable may be unsafe. Consider using sprintf_s instead. To disable deprecation, use _CRT_SECURE_NO_WARNINGS. See online help for details.
                 C:\Program Files (x86)\Microsoft Visual Studio 11.0\VC\include\stdio.h(357) : see declaration of 'sprintf'
         oldauth.cpp
         Generating Code...
         C:\Program Files (x86)\Microsoft Visual Studio 11.0\VC\bin\CL.exe /c /I"D:\gmp-4.2.1\build.vc8" /I..\src /Zi /nologo /W3 /WX- /O2 /Ot /Oy- /D HAVE__SNPRINTF /D WIN32 /D NDEBUG /D _WINDOWS /D _USRDLL /D BNCSUTIL_EXPORTS /D MOS_WINDOWS /D _VC80_UPGRADE=0x0710 /D _WINDLL /D _MBCS /Gm- /EHsc /MT /GS- /fp:precise /Zc:wchar_t /Zc:forScope /Fo"Release MySQL\\" /Fd"Release MySQL\vc110.pdb" /Gd /TP /analyze- /errorReport:prompt ..\src\bncsutil\checkrevision.cpp
         checkrevision.cpp
     1>..\src\bncsutil\checkrevision.cpp(430): warning C4996: 'fopen': This function or variable may be unsafe. Consider using fopen_s instead. To disable deprecation, use _CRT_SECURE_NO_WARNINGS. See online help for details.
                 C:\Program Files (x86)\Microsoft Visual Studio 11.0\VC\include\stdio.h(218) : see declaration of 'fopen'
     1>..\src\bncsutil\checkrevision.cpp(466): warning C4996: '_snprintf': This function or variable may be unsafe. Consider using _snprintf_s instead. To disable deprecation, use _CRT_SECURE_NO_WARNINGS. See online help for details.
                 C:\Program Files (x86)\Microsoft Visual Studio 11.0\VC\include\stdio.h(349) : see declaration of '_snprintf'
         C:\Program Files (x86)\Microsoft Visual Studio 11.0\VC\bin\CL.exe /c /I"D:\gmp-4.2.1\build.vc8" /I..\src /Zi /nologo /W3 /WX- /O2 /Ot /Oy- /D WIN32 /D NDEBUG /D _WINDOWS /D _USRDLL /D BNCSUTIL_EXPORTS /D MOS_WINDOWS /D _VC80_UPGRADE=0x0710 /D _WINDLL /D _MBCS /Gm- /MT /GS- /fp:precise /Zc:wchar_t /Zc:forScope /Fo"Release MySQL\\" /Fd"Release MySQL\vc110.pdb" /Gd /TC /analyze- /errorReport:prompt ..\src\bncsutil\nls.c
         nls.c
     1>..\src\bncsutil\nls.c(280): warning C4996: 'strcpy': This function or variable may be unsafe. Consider using strcpy_s instead. To disable deprecation, use _CRT_SECURE_NO_WARNINGS. See online help for details.
     1>..\src\bncsutil\nls.c(291): warning C4996: 'strcpy': This function or variable may be unsafe. Consider using strcpy_s instead. To disable deprecation, use _CRT_SECURE_NO_WARNINGS. See online help for details.
         C:\Program Files (x86)\Microsoft Visual Studio 11.0\VC\bin\CL.exe /c /I"D:\gmp-4.2.1\build.vc8" /I..\src /Zi /nologo /W3 /WX- /O2 /Ot /Oy- /D WIN32 /D NDEBUG /D _WINDOWS /D _USRDLL /D BNCSUTIL_EXPORTS /D MOS_WINDOWS /D _VC80_UPGRADE=0x0710 /D _WINDLL /D _MBCS /Gm- /EHsc /MT /GS- /fp:precise /Zc:wchar_t /Zc:forScope /Fo"Release MySQL\\" /Fd"Release MySQL\vc110.pdb" /Gd /TC /analyze- /errorReport:prompt ..\src\bncsutil\sha1.c ..\src\bncsutil\stack.c
         sha1.c
         stack.c
         Generating Code...
       Link:
         C:\Program Files (x86)\Microsoft Visual Studio 11.0\VC\bin\link.exe /ERRORREPORT:PROMPT /OUT:"Release MySQL\BNCSutil.dll" /INCREMENTAL:NO /NOLOGO /LIBPATH:.. kernel32.lib version.lib gmp.lib /DEF:"bncsutil.def" /MANIFEST /MANIFESTUAC:"level='asInvoker' uiAccess='false'" /manifest:embed /PDB:"Release MySQL\BNCSutil.pdb" /SUBSYSTEM:WINDOWS /OPT:REF /OPT:ICF /TLBID:1 /DYNAMICBASE:NO /IMPLIB:"Release MySQL\BNCSutil.lib" /MACHINE:X86 /SAFESEH /DLL "Release MySQL\bsha1.obj"
         "Release MySQL\cdkeydecoder.obj"
         "Release MySQL\checkrevision.obj"
         "Release MySQL\decodekey.obj"
         "Release MySQL\file.obj"
         "Release MySQL\libinfo.obj"
         "Release MySQL\nls.obj"
         "Release MySQL\oldauth.obj"
         "Release MySQL\sha1.obj"
         "Release MySQL\stack.obj"
            Creating library Release MySQL\BNCSutil.lib and object Release MySQL\BNCSutil.exp
         BNCSutil.vcxproj -> C:\5entbot\bncsutil\vc8_build\Release MySQL\BNCSutil.dll
     1>Done Building Project "C:\5entbot\bncsutil\vc8_build\BNCSutil.vcxproj" (Rebuild target(s)).

Build succeeded.

Time Elapsed 00:00:04.84
