C:\4ohbot\bncsutil\vc8_build\Debug MySQL\BNCSutil.lib
C:\4ohbot\bncsutil\vc8_build\Debug MySQL\BNCSutil.exp
C:\4OHBOT\BNCSUTIL\VC8_BUILD\DEBUG MYSQL\BSHA1.OBJ
C:\4OHBOT\BNCSUTIL\VC8_BUILD\DEBUG MYSQL\CDKEYDECODER.OBJ
C:\4OHBOT\BNCSUTIL\VC8_BUILD\DEBUG MYSQL\DECODEKEY.OBJ
C:\4OHBOT\BNCSUTIL\VC8_BUILD\DEBUG MYSQL\FILE.OBJ
C:\4OHBOT\BNCSUTIL\VC8_BUILD\DEBUG MYSQL\LIBINFO.OBJ
C:\4OHBOT\BNCSUTIL\VC8_BUILD\DEBUG MYSQL\OLDAUTH.OBJ
C:\4OHBOT\BNCSUTIL\VC8_BUILD\DEBUG MYSQL\VC110.PDB
C:\4OHBOT\BNCSUTIL\VC8_BUILD\DEBUG MYSQL\CHECKREVISION.OBJ
C:\4OHBOT\BNCSUTIL\VC8_BUILD\DEBUG MYSQL\NLS.OBJ
C:\4OHBOT\BNCSUTIL\VC8_BUILD\DEBUG MYSQL\SHA1.OBJ
C:\4OHBOT\BNCSUTIL\VC8_BUILD\DEBUG MYSQL\STACK.OBJ
C:\4OHBOT\BNCSUTIL\VC8_BUILD\DEBUG MYSQL\BNCSUTIL.ILK
C:\4OHBOT\BNCSUTIL\VC8_BUILD\DEBUG MYSQL\BNCSUTIL.DLL
C:\4OHBOT\BNCSUTIL\VC8_BUILD\DEBUG MYSQL\BNCSUTIL.PDB
C:\4ohbot\bncsutil\vc8_build\Debug MySQL\bsha1.obj
C:\4ohbot\bncsutil\vc8_build\Debug MySQL\cdkeydecoder.obj
C:\4ohbot\bncsutil\vc8_build\Debug MySQL\checkrevision.obj
C:\4ohbot\bncsutil\vc8_build\Debug MySQL\decodekey.obj
C:\4ohbot\bncsutil\vc8_build\Debug MySQL\file.obj
C:\4ohbot\bncsutil\vc8_build\Debug MySQL\libinfo.obj
C:\4ohbot\bncsutil\vc8_build\Debug MySQL\nls.obj
C:\4ohbot\bncsutil\vc8_build\Debug MySQL\oldauth.obj
C:\4ohbot\bncsutil\vc8_build\Debug MySQL\sha1.obj
C:\4ohbot\bncsutil\vc8_build\Debug MySQL\stack.obj
C:\4ohbot\bncsutil\vc8_build\Debug MySQL\BNCSutil.ilk
C:\4ohbot\bncsutil\vc8_build\Debug MySQL\BNCSutil.write.1.tlog
C:\4ohbot\bncsutil\vc8_build\Debug MySQL\cl.command.1.tlog
C:\4ohbot\bncsutil\vc8_build\Debug MySQL\CL.read.1.tlog
C:\4ohbot\bncsutil\vc8_build\Debug MySQL\CL.write.1.tlog
C:\4ohbot\bncsutil\vc8_build\Debug MySQL\link-cvtres.read.1.tlog
C:\4ohbot\bncsutil\vc8_build\Debug MySQL\link-cvtres.write.1.tlog
C:\4ohbot\bncsutil\vc8_build\Debug MySQL\link-rc.read.1.tlog
C:\4ohbot\bncsutil\vc8_build\Debug MySQL\link-rc.write.1.tlog
C:\4ohbot\bncsutil\vc8_build\Debug MySQL\link.command.1.tlog
C:\4ohbot\bncsutil\vc8_build\Debug MySQL\link.read.1.tlog
C:\4ohbot\bncsutil\vc8_build\Debug MySQL\link.write.1.tlog
C:\4ohbot\bncsutil\vc8_build\Debug MySQL\vc110.idb
C:\4ohbot\bncsutil\vc8_build\Debug MySQL\BNCSutil.pdb
C:\4ohbot\bncsutil\vc8_build\Debug MySQL\vc110.pdb
C:\4ohbot\bncsutil\vc8_build\Debug MySQL\BNCSutil.dll
